Base path: '/Applications/Unity/Hub/Editor/2019.2.0f1/Unity.app/Contents', plugins path '/Applications/Unity/Hub/Editor/2019.2.0f1/Unity.app/Contents/PlaybackEngines'
Cmd: initializeCompiler
Cmd: compileComputeKernel
  api=14 insize=3182 outsize=8258 ok=1
Cmd: translateComputeKernel
  api=14 insize=7904 outsize=5219 ok=1
Cmd: translateComputeKernel
  api=14 insize=7310 outsize=3123 ok=1
Cmd: translateComputeKernel
  api=14 insize=10544 outsize=18402 ok=1
Cmd: compileComputeKernel
  api=14 insize=18299 outsize=9597 ok=1
Cmd: translateComputeKernel
  api=14 insize=9597 outsize=16409 ok=1
Cmd: translateComputeKernel
  api=14 insize=11447 outsize=25062 ok=1
Cmd: compileComputeKernel
  api=14 insize=3072 outsize=2124 ok=1
Cmd: compileComputeKernel
  api=14 insize=1806 outsize=1153 ok=1
Cmd: compileComputeKernel
  api=14 insize=2044 outsize=1477 ok=1
Cmd: compileSnippet
  api=14 type=0 insize=2295 outsize=1774 kw= pd=UNITY_ENABLE_REFLECTION_BUFFERS UNITY_USE_DITHER_MASK_FOR_ALPHABLENDED_SHADOWS UNITY_PBS_USE_BRDF1 UNITY_SPECCUBE_BOX_PROJECTION UNITY_SPECCUBE_BLENDING UNITY_ENABLE_DETAIL_NORMALMAP SHADER_API_DESKTOP UNITY_COLORSPACE_GAMMA UNITY_LIGHT_PROBE_PROXY_VOLUME UNITY_LIGHTMAP_FULL_HDR ok=1
Cmd: compileSnippet
  api=14 type=1 insize=11538 outsize=3492 kw=FINALPASS pd=UNITY_ENABLE_REFLECTION_BUFFERS UNITY_USE_DITHER_MASK_FOR_ALPHABLENDED_SHADOWS UNITY_PBS_USE_BRDF1 UNITY_SPECCUBE_BOX_PROJECTION UNITY_SPECCUBE_BLENDING UNITY_ENABLE_DETAIL_NORMALMAP SHADER_API_DESKTOP UNITY_COLORSPACE_GAMMA UNITY_LIGHT_PROBE_PROXY_VOLUME UNITY_LIGHTMAP_FULL_HDR ok=1

Quitting shader compiler process
